<?xml version="1.0" encoding="UTF-8"?>
<!-- Generated by org.testng.reporters.JUnitReportReporter -->
<testsuite skipped="0" hostname="UnworldlySachin" name="testNG.DummyTest" tests="4" failures="0" timestamp="18 Apr 2017 14:48:12 GMT" time="18.654" errors="0">
  <testcase name="openGuru" time="6.708" classname="testNG.DummyTest"/>
  <testcase name="loginGuru" time="2.252" classname="testNG.DummyTest"/>
  <testcase name="addNewCustomer" time="6.621" classname="testNG.DummyTest"/>
  <testcase name="deleteCustomer" time="3.073" classname="testNG.DummyTest"/>
</testsuite> <!-- testNG.DummyTest -->
